<?xml version="1.0" encoding="UTF-8" standalone="yes"?><!DOCTYPE report PUBLIC "-//JACOCO//DTD Report 1.1//EN" "report.dtd"><report name="Fake SMTP"><sessioninfo id="tim-dell-94273d51" start="1756785273421" dump="1756785274237"/><sessioninfo id="tim-dell-7494bda4" start="1756785460166" dump="1756785460888"/><sessioninfo id="tim-dell-48e80879" start="1757030264699" dump="1757030265695"/><sessioninfo id="tim-dell-cbe9e1be" start="1757030423705" dump="1757030424555"/><sessioninfo id="tim-dell-a375f2cf" start="1757030426465" dump="1757030426806"/><sessioninfo id="tim-dell-8c2f2d25" start="1757034613338" dump="1757034614416"/><sessioninfo id="tim-dell-d09d7d78" start="1757034711055" dump="1757034711948"/><sessioninfo id="tim-dell-d822cc6b" start="1757034741281" dump="1757034742142"/></report>