<?xml version="1.0" encoding="UTF-8" standalone="yes"?><!DOCTYPE report PUBLIC "-//JACOCO//DTD Report 1.1//EN" "report.dtd"><report name="Fake SMTP"><sessioninfo id="tim-dell-94273d51" start="1756785273421" dump="1756785274237"/><sessioninfo id="tim-dell-7494bda4" start="1756785460166" dump="1756785460888"/><sessioninfo id="tim-dell-48e80879" start="1757030264699" dump="1757030265695"/><sessioninfo id="tim-dell-cbe9e1be" start="1757030423705" dump="1757030424555"/><sessioninfo id="tim-dell-a375f2cf" start="1757030426465" dump="1757030426806"/><sessioninfo id="tim-dell-8c2f2d25" start="1757034613338" dump="1757034614416"/><sessioninfo id="tim-dell-d09d7d78" start="1757034711055" dump="1757034711948"/><sessioninfo id="tim-dell-d822cc6b" start="1757034741281" dump="1757034742142"/><sessioninfo id="tim-dell-e06b7de8" start="1757039079783" dump="1757039080619"/><sessioninfo id="tim-dell-c3dc8d89" start="1757039082514" dump="1757039082803"/><sessioninfo id="tim-dell-c7c13c5e" start="1757039104600" dump="1757039105793"/><sessioninfo id="tim-dell-9519b48f" start="1757039153134" dump="1757039153956"/><sessioninfo id="tim-dell-3bcc6a9d" start="1757039468384" dump="1757039469243"/><sessioninfo id="tim-dell-c75126e8" start="1757039471147" dump="1757039471433"/><sessioninfo id="tim-dell-cbf15f32" start="1757039476979" dump="1757039477835"/></report>